\BOOKMARK [0][-]{chapter.1}{\376\377\000T\000A\000/\000L\000A\000\040\000T\000r\000a\000c\000k\000e\000r}{}% 1
\BOOKMARK [1][-]{section.1.1}{\376\377\000I\000n\000t\000r\000o\000d\000u\000c\000t\000i\000o\000n}{chapter.1}% 2
\BOOKMARK [1][-]{section.1.2}{\376\377\000R\000e\000l\000e\000a\000s\000e\000\040\000N\000o\000t\000e\000s}{chapter.1}% 3
\BOOKMARK [1][-]{section.1.3}{\376\377\000R\000e\000q\000u\000i\000r\000e\000m\000e\000n\000t\000s}{chapter.1}% 4
\BOOKMARK [0][-]{chapter.2}{\376\377\000F\000i\000l\000e\000\040\000I\000n\000d\000e\000x}{}% 5
\BOOKMARK [1][-]{section.2.1}{\376\377\000F\000i\000l\000e\000\040\000L\000i\000s\000t}{chapter.2}% 6
\BOOKMARK [0][-]{chapter.3}{\376\377\000F\000i\000l\000e\000\040\000D\000o\000c\000u\000m\000e\000n\000t\000a\000t\000i\000o\000n}{}% 7
\BOOKMARK [1][-]{section.3.1}{\376\377\000i\000n\000d\000e\000x\000.\000p\000h\000p\000\040\000F\000i\000l\000e\000\040\000R\000e\000f\000e\000r\000e\000n\000c\000e}{chapter.3}% 8
\BOOKMARK [1][-]{section.3.2}{\376\377\000t\000o\000\137\000j\000s\000o\000n\000.\000p\000h\000p\000\040\000F\000i\000l\000e\000\040\000R\000e\000f\000e\000r\000e\000n\000c\000e}{chapter.3}% 9
\BOOKMARK [2][-]{subsection.3.2.1}{\376\377\000F\000u\000n\000c\000t\000i\000o\000n\000\040\000D\000o\000c\000u\000m\000e\000n\000t\000a\000t\000i\000o\000n}{section.3.2}% 10
\BOOKMARK [3][-]{subsubsection.3.2.1.1}{\376\377\000a\000l\000l\000C\000l\000a\000s\000s\000e\000s}{subsection.3.2.1}% 11
\BOOKMARK [3][-]{subsubsection.3.2.1.2}{\376\377\000a\000l\000l\000T\000A\000s}{subsection.3.2.1}% 12
\BOOKMARK [3][-]{subsubsection.3.2.1.3}{\376\377\000c\000l\000a\000s\000s\000T\000A\000s}{subsection.3.2.1}% 13
\BOOKMARK [3][-]{subsubsection.3.2.1.4}{\376\377\000c\000o\000u\000r\000s\000e}{subsection.3.2.1}% 14
\BOOKMARK [3][-]{subsubsection.3.2.1.5}{\376\377\000d\000e\000l\000e\000t\000e\000A\000l\000l}{subsection.3.2.1}% 15
\BOOKMARK [3][-]{subsubsection.3.2.1.6}{\376\377\000d\000e\000l\000e\000t\000e\000C\000l\000a\000s\000s}{subsection.3.2.1}% 16
\BOOKMARK [3][-]{subsubsection.3.2.1.7}{\376\377\000d\000e\000l\000e\000t\000e\000T\000A}{subsection.3.2.1}% 17
\BOOKMARK [3][-]{subsubsection.3.2.1.8}{\376\377\000g\000e\000t\000S\000e\000s\000s\000i\000o\000n\000s}{subsection.3.2.1}% 18
\BOOKMARK [3][-]{subsubsection.3.2.1.9}{\376\377\000g\000o\000W\000h\000e\000r\000e}{subsection.3.2.1}% 19
\BOOKMARK [3][-]{subsubsection.3.2.1.10}{\376\377\000i\000n\000s\000e\000r\000t\000C\000l\000a\000s\000s}{subsection.3.2.1}% 20
\BOOKMARK [3][-]{subsubsection.3.2.1.11}{\376\377\000i\000n\000s\000e\000r\000t\000S\000e\000s\000s\000i\000o\000n}{subsection.3.2.1}% 21
\BOOKMARK [3][-]{subsubsection.3.2.1.12}{\376\377\000i\000n\000s\000e\000r\000t\000T\000A}{subsection.3.2.1}% 22
\BOOKMARK [3][-]{subsubsection.3.2.1.13}{\376\377\000n\000a\000m\000e}{subsection.3.2.1}% 23
\BOOKMARK [3][-]{subsubsection.3.2.1.14}{\376\377\000T\000A\000s\000C\000l\000a\000s\000s\000e\000s}{subsection.3.2.1}% 24
\BOOKMARK [0][-]{section*.3}{\376\377\000I\000n\000d\000e\000x}{}% 25
